<?xml version="1.0" encoding="UTF-8"?>
<!-- Generated by org.testng.reporters.JUnitXMLReporter -->
<testsuite ignored="1" hostname="LAPTOP-UQFQLRBC" failures="0" tests="1" name="Default test" time="4.304" errors="0" timestamp="2024-05-04T03:17:47 IST">
  <testcase classname="com.simplilearn.seleniumdemos.css_selector_p" name="css_selector_practice2" time="4.243"/>
  <testcase classname="com.simplilearn.seleniumdemos.css_selector_p" name="css_selector_practice" time="0.0">
    <ignored/>
  </testcase> <!-- css_selector_practice -->
</testsuite> <!-- Default test -->
