<?xml version="1.0" encoding="UTF-8"?>
<!-- Generated by org.testng.reporters.JUnitXMLReporter -->
<testsuite ignored="1" hostname="LAPTOP-UQFQLRBC" failures="0" tests="1" name="Default test" time="17.817" errors="0" timestamp="2024-05-04T01:27:40 IST">
  <testcase classname="com.simplilearn.seleniumdemos.locator_identifiers" name="link_examples" time="17.755"/>
  <testcase classname="com.simplilearn.seleniumdemos.locator_identifiers" name="testLocatoridentifiers" time="0.0">
    <ignored/>
  </testcase> <!-- testLocatoridentifiers -->
</testsuite> <!-- Default test -->
