<?xml version="1.0" encoding="UTF-8"?>
<testng-results ignored="0" total="1" passed="1" failed="0" skipped="0">
  <reporter-output>
  </reporter-output>
  <suite started-at="2024-05-04T01:27:22 IST" name="Default suite" finished-at="2024-05-04T01:27:40 IST" duration-ms="17817">
    <groups>
    </groups>
    <test started-at="2024-05-04T01:27:22 IST" name="Default test" finished-at="2024-05-04T01:27:40 IST" duration-ms="17817">
      <class name="com.simplilearn.seleniumdemos.locator_identifiers">
        <test-method signature="link_examples()[pri:0, instance:com.simplilearn.seleniumdemos.locator_identifiers@1ed4ae0f]" started-at="2024-05-04T01:27:22 IST" name="link_examples" finished-at="2024-05-04T01:27:40 IST" duration-ms="17755" status="PASS">
          <reporter-output>
          </reporter-output>
        </test-method> <!-- link_examples -->
      </class> <!-- com.simplilearn.seleniumdemos.locator_identifiers -->
    </test> <!-- Default test -->
  </suite> <!-- Default suite -->
</testng-results>
