<?xml version="1.0" encoding="UTF-8"?>
<testng-results ignored="0" total="1" passed="1" failed="0" skipped="0">
  <reporter-output>
  </reporter-output>
  <suite started-at="2024-05-04T02:34:32 IST" name="Default suite" finished-at="2024-05-04T02:34:48 IST" duration-ms="16621">
    <groups>
    </groups>
    <test started-at="2024-05-04T02:34:32 IST" name="Default test" finished-at="2024-05-04T02:34:48 IST" duration-ms="16621">
      <class name="com.simplilearn.seleniumdemos.xpath_demo">
        <test-method signature="createCheckBoxXpath()[pri:0, instance:com.simplilearn.seleniumdemos.xpath_demo@7526515b]" started-at="2024-05-04T02:34:32 IST" name="createCheckBoxXpath" finished-at="2024-05-04T02:34:48 IST" duration-ms="16544" status="PASS">
          <reporter-output>
          </reporter-output>
        </test-method> <!-- createCheckBoxXpath -->
      </class> <!-- com.simplilearn.seleniumdemos.xpath_demo -->
    </test> <!-- Default test -->
  </suite> <!-- Default suite -->
</testng-results>
